[debug] [2025-12-01T13:59:41.124Z] ----------------------------------------------------------------------
[debug] [2025-12-01T13:59:41.129Z] Command:       C:\Program Files\nodejs\node.exe C:\Users\MESSI\AppData\Roaming\npm\node_modules\firebase-tools\lib\bin\firebase.js init
[debug] [2025-12-01T13:59:41.129Z] CLI Version:   14.26.0
[debug] [2025-12-01T13:59:41.130Z] Platform:      win32
[debug] [2025-12-01T13:59:41.130Z] Node Version:  v22.18.0
[debug] [2025-12-01T13:59:41.131Z] Time:          Mon Dec 01 2025 19:29:41 GMT+0530 (India Standard Time)
[debug] [2025-12-01T13:59:41.132Z] ----------------------------------------------------------------------
[debug] 
[info] 
     ######## #### ########  ######## ########     ###     ######  ########
     ##        ##  ##     ## ##       ##     ##  ##   ##  ##       ##
     ######    ##  ########  ######   ########  #########  ######  ######
     ##        ##  ##    ##  ##       ##     ## ##     ##       ## ##
     ##       #### ##     ## ######## ########  ##     ##  ######  ########

You're about to initialize a Firebase project in this directory:

  C:\Users\MESSI\Desktop\Freelancer\freelance-website

[debug] [2025-12-01T14:03:14.550Z] ExitPromptError: User force closed the prompt with SIGINT
    at Interface.sigint (C:\Users\MESSI\AppData\Roaming\npm\node_modules\firebase-tools\node_modules\@inquirer\core\dist\commonjs\lib\create-prompt.js:101:37)
    at Interface.emit (node:events:518:28)
    at Interface.emit (node:domain:489:12)
    at [_ttyWrite] [as _ttyWrite] (node:internal/readline/interface:1132:18)
    at ReadStream.onkeypress (node:internal/readline/interface:271:20)
    at ReadStream.emit (node:events:530:35)
    at ReadStream.emit (node:domain:489:12)
    at emitKeys (node:internal/readline/utils:370:14)
    at emitKeys.next (<anonymous>)
    at ReadStream.onData (node:internal/readline/emitKeypressEvents:64:36)
[error] 
[error] Error: An unexpected error has occurred.
